c:\users\lorikfejzullahu\desktop\c+´+ projects\snakegame---c-----fg\snakegame\x64\debug\vc143.pdb
c:\users\lorikfejzullahu\desktop\c+´+ projects\snakegame---c-----fg\snakegame\x64\debug\vc143.idb
c:\users\lorikfejzullahu\desktop\c+´+ projects\snakegame---c-----fg\snakegame\x64\debug\world.obj
c:\users\lorikfejzullahu\desktop\c+´+ projects\snakegame---c-----fg\snakegame\x64\debug\snakeinput.obj
c:\users\lorikfejzullahu\desktop\c+´+ projects\snakegame---c-----fg\snakegame\x64\debug\snakegraphics.obj
c:\users\lorikfejzullahu\desktop\c+´+ projects\snakegame---c-----fg\snakegame\x64\debug\scoresystem.obj
c:\users\lorikfejzullahu\desktop\c+´+ projects\snakegame---c-----fg\snakegame\x64\debug\snake.obj
c:\users\lorikfejzullahu\desktop\c+´+ projects\snakegame---c-----fg\snakegame\x64\debug\food.obj
c:\users\lorikfejzullahu\desktop\c+´+ projects\snakegame---c-----fg\snakegame\x64\debug\main.obj
c:\users\lorikfejzullahu\desktop\c+´+ projects\snakegame---c-----fg\snakegame\x64\debug\statemachine.obj
c:\users\lorikfejzullahu\desktop\c+´+ projects\snakegame---c-----fg\snakegame\x64\debug\playstate.obj
c:\users\lorikfejzullahu\desktop\c+´+ projects\snakegame---c-----fg\snakegame\x64\debug\optionstate.obj
c:\users\lorikfejzullahu\desktop\c+´+ projects\snakegame---c-----fg\snakegame\x64\debug\menustate.obj
c:\users\lorikfejzullahu\desktop\c+´+ projects\snakegame---c-----fg\snakegame\x64\debug\gameobject.obj
c:\users\lorikfejzullahu\desktop\c+´+ projects\snakegame---c-----fg\snakegame\x64\debug\game.obj
c:\users\lorikfejzullahu\desktop\c+´+ projects\snakegame---c-----fg\snakegame\x64\debug\playeragent.obj
c:\users\lorikfejzullahu\desktop\c+´+ projects\snakegame---c-----fg\snakegame\x64\debug\aiagent.obj
c:\users\lorikfejzullahu\desktop\c+´+ projects\snakegame---c-----fg\snakegame\x64\debug\pathfinding.obj
c:\users\lorikfejzullahu\desktop\c+´+ projects\snakegame---c-----fg\snakegame\x64\debug\grid.obj
c:\users\lorikfejzullahu\desktop\c+´+ projects\snakegame---c-----fg\x64\debug\snakegame.exe
c:\users\lorikfejzullahu\desktop\c+´+ projects\snakegame---c-----fg\x64\debug\snakegame.pdb
c:\users\lorikfejzullahu\desktop\c+´+ projects\snakegame---c-----fg\snakegame\x64\debug\snakegame.ilk
c:\users\lorikfejzullahu\desktop\c+´+ projects\snakegame---c-----fg\snakegame\x64\debug\snakegame.tlog\cl.command.1.tlog
c:\users\lorikfejzullahu\desktop\c+´+ projects\snakegame---c-----fg\snakegame\x64\debug\snakegame.tlog\cl.items.tlog
c:\users\lorikfejzullahu\desktop\c+´+ projects\snakegame---c-----fg\snakegame\x64\debug\snakegame.tlog\cl.read.1.tlog
c:\users\lorikfejzullahu\desktop\c+´+ projects\snakegame---c-----fg\snakegame\x64\debug\snakegame.tlog\cl.write.1.tlog
c:\users\lorikfejzullahu\desktop\c+´+ projects\snakegame---c-----fg\snakegame\x64\debug\snakegame.tlog\link.command.1.tlog
c:\users\lorikfejzullahu\desktop\c+´+ projects\snakegame---c-----fg\snakegame\x64\debug\snakegame.tlog\link.read.1.tlog
c:\users\lorikfejzullahu\desktop\c+´+ projects\snakegame---c-----fg\snakegame\x64\debug\snakegame.tlog\link.secondary.1.tlog
c:\users\lorikfejzullahu\desktop\c+´+ projects\snakegame---c-----fg\snakegame\x64\debug\snakegame.tlog\link.write.1.tlog
